# JRE version: OpenJDK Runtime Environment Temurin-17.0.8.1+1 (17.0.8.1+1) (build 17.0.8.1+1)
# Java VM: OpenJDK 64-Bit Server VM Temurin-17.0.8.1+1 (17.0.8.1+1, mixed mode, tiered, compressed oops, compressed class ptrs, parallel gc, windows-amd64)
GC Precious Log:
 CPUs: 8 total, 8 available
 Memory: 16299M
 Large Page Support: Disabled
 NUMA Support: Disabled
 Compressed Oops: Enabled (32-bit)
 Alignments: Space 512K, Generation 512K, Heap 2M
 Heap Min Capacity: 100M
 Heap Initial Capacity: 100M
 Heap Max Capacity: 512M
 Pre-touch: Disabled
 Parallel Workers: 8
Heap:
 PSYoungGen      total 23552K, used 23212K [0x00000000f5580000, 0x00000000f7100000, 0x0000000100000000)
  eden space 22016K, 98% used [0x00000000f5580000,0x00000000f6aab298,0x00000000f6b00000)
  from space 1536K, 99% used [0x00000000f6d00000,0x00000000f6e7fe58,0x00000000f6e80000)
  to   space 2560K, 0% used [0x00000000f6e80000,0x00000000f6e80000,0x00000000f7100000)
 ParOldGen       total 68608K, used 17720K [0x00000000e0000000, 0x00000000e4300000, 0x00000000f5580000)
  object space 68608K, 25% used [0x00000000e0000000,0x00000000e114e268,0x00000000e4300000)
 Metaspace       used 48682K, committed 49728K, reserved 1114112K
  class space    used 5260K, committed 5760K, reserved 1048576K
GC Heap History (20 events):
Event: 7.624 GC heap before
{Heap before GC invocations=6 (full 1):
 PSYoungGen      total 29696K, used 25600K [0x00000000f5580000, 0x00000000f7680000, 0x0000000100000000)
  eden space 25600K, 100% used [0x00000000f5580000,0x00000000f6e80000,0x00000000f6e80000)
  from space 4096K, 0% used [0x00000000f7280000,0x00000000f7280000,0x00000000f7680000)
  to   space 4096K, 0% used [0x00000000f6e80000,0x00000000f6e80000,0x00000000f7280000)
 ParOldGen       total 68608K, used 10509K [0x00000000e0000000, 0x00000000e4300000, 0x00000000f5580000)
  object space 68608K, 15% used [0x00000000e0000000,0x00000000e0a43660,0x00000000e4300000)
 Metaspace       used 24364K, committed 25024K, reserved 1114112K
  class space    used 2480K, committed 2752K, reserved 1048576K
}
Event: 7.627 GC heap after
{Heap after GC invocations=6 (full 1):
 PSYoungGen      total 27136K, used 1765K [0x00000000f5580000, 0x00000000f7500000, 0x0000000100000000)
  eden space 25088K, 0% used [0x00000000f5580000,0x00000000f5580000,0x00000000f6e00000)
  from space 2048K, 86% used [0x00000000f6e80000,0x00000000f70396c8,0x00000000f7080000)
  to   space 3584K, 0% used [0x00000000f7180000,0x00000000f7180000,0x00000000f7500000)
 ParOldGen       total 68608K, used 10517K [0x00000000e0000000, 0x00000000e4300000, 0x00000000f5580000)
  object space 68608K, 15% used [0x00000000e0000000,0x00000000e0a45660,0x00000000e4300000)
 Metaspace       used 24364K, committed 25024K, reserved 1114112K
  class space    used 2480K, committed 2752K, reserved 1048576K
}
Event: 9.001 GC heap before
{Heap before GC invocations=7 (full 1):
 PSYoungGen      total 27136K, used 26853K [0x00000000f5580000, 0x00000000f7500000, 0x0000000100000000)
  eden space 25088K, 100% used [0x00000000f5580000,0x00000000f6e00000,0x00000000f6e00000)
  from space 2048K, 86% used [0x00000000f6e80000,0x00000000f70396c8,0x00000000f7080000)
  to   space 3584K, 0% used [0x00000000f7180000,0x00000000f7180000,0x00000000f7500000)
 ParOldGen       total 68608K, used 10517K [0x00000000e0000000, 0x00000000e4300000, 0x00000000f5580000)
  object space 68608K, 15% used [0x00000000e0000000,0x00000000e0a45660,0x00000000e4300000)
 Metaspace       used 27360K, committed 28096K, reserved 1114112K
  class space    used 2826K, committed 3136K, reserved 1048576K
}
Event: 9.004 GC heap after
{Heap after GC invocations=7 (full 1):
 PSYoungGen      total 28160K, used 3184K [0x00000000f5580000, 0x00000000f7500000, 0x0000000100000000)
  eden space 24576K, 0% used [0x00000000f5580000,0x00000000f5580000,0x00000000f6d80000)
  from space 3584K, 88% used [0x00000000f7180000,0x00000000f749c218,0x00000000f7500000)
  to   space 3584K, 0% used [0x00000000f6e00000,0x00000000f6e00000,0x00000000f7180000)
 ParOldGen       total 68608K, used 10525K [0x00000000e0000000, 0x00000000e4300000, 0x00000000f5580000)
  object space 68608K, 15% used [0x00000000e0000000,0x00000000e0a47660,0x00000000e4300000)
 Metaspace       used 27360K, committed 28096K, reserved 1114112K
  class space    used 2826K, committed 3136K, reserved 1048576K
}
Event: 9.657 GC heap before
{Heap before GC invocations=8 (full 1):
 PSYoungGen      total 28160K, used 27760K [0x00000000f5580000, 0x00000000f7500000, 0x0000000100000000)
  eden space 24576K, 100% used [0x00000000f5580000,0x00000000f6d80000,0x00000000f6d80000)
  from space 3584K, 88% used [0x00000000f7180000,0x00000000f749c218,0x00000000f7500000)
  to   space 3584K, 0% used [0x00000000f6e00000,0x00000000f6e00000,0x00000000f7180000)
 ParOldGen       total 68608K, used 10525K [0x00000000e0000000, 0x00000000e4300000, 0x00000000f5580000)
  object space 68608K, 15% used [0x00000000e0000000,0x00000000e0a47660,0x00000000e4300000)
 Metaspace       used 30062K, committed 30848K, reserved 1114112K
  class space    used 2998K, committed 3328K, reserved 1048576K
}
Event: 9.660 GC heap after
{Heap after GC invocations=8 (full 1):
 PSYoungGen      total 27648K, used 3498K [0x00000000f5580000, 0x00000000f7500000, 0x0000000100000000)
  eden space 24064K, 0% used [0x00000000f5580000,0x00000000f5580000,0x00000000f6d00000)
  from space 3584K, 97% used [0x00000000f6e00000,0x00000000f716abc8,0x00000000f7180000)
  to   space 3584K, 0% used [0x00000000f7180000,0x00000000f7180000,0x00000000f7500000)
 ParOldGen       total 68608K, used 10533K [0x00000000e0000000, 0x00000000e4300000, 0x00000000f5580000)
  object space 68608K, 15% used [0x00000000e0000000,0x00000000e0a49660,0x00000000e4300000)
 Metaspace       used 30062K, committed 30848K, reserved 1114112K
  class space    used 2998K, committed 3328K, reserved 1048576K
}
Event: 9.972 GC heap before
{Heap before GC invocations=9 (full 1):
 PSYoungGen      total 27648K, used 27562K [0x00000000f5580000, 0x00000000f7500000, 0x0000000100000000)
  eden space 24064K, 100% used [0x00000000f5580000,0x00000000f6d00000,0x00000000f6d00000)
  from space 3584K, 97% used [0x00000000f6e00000,0x00000000f716abc8,0x00000000f7180000)
  to   space 3584K, 0% used [0x00000000f7180000,0x00000000f7180000,0x00000000f7500000)
 ParOldGen       total 68608K, used 10533K [0x00000000e0000000, 0x00000000e4300000, 0x00000000f5580000)
  object space 68608K, 15% used [0x00000000e0000000,0x00000000e0a49660,0x00000000e4300000)
 Metaspace       used 32580K, committed 33344K, reserved 1114112K
  class space    used 3198K, committed 3520K, reserved 1048576K
}
Event: 9.975 GC heap after
{Heap after GC invocations=9 (full 1):
 PSYoungGen      total 27136K, used 3554K [0x00000000f5580000, 0x00000000f7500000, 0x0000000100000000)
  eden space 23552K, 0% used [0x00000000f5580000,0x00000000f5580000,0x00000000f6c80000)
  from space 3584K, 99% used [0x00000000f7180000,0x00000000f74f8bf8,0x00000000f7500000)
  to   space 4096K, 0% used [0x00000000f6d00000,0x00000000f6d00000,0x00000000f7100000)
 ParOldGen       total 68608K, used 10725K [0x00000000e0000000, 0x00000000e4300000, 0x00000000f5580000)
  object space 68608K, 15% used [0x00000000e0000000,0x00000000e0a79660,0x00000000e4300000)
 Metaspace       used 32580K, committed 33344K, reserved 1114112K
  class space    used 3198K, committed 3520K, reserved 1048576K
}
Event: 10.443 GC heap before
{Heap before GC invocations=10 (full 1):
 PSYoungGen      total 27136K, used 23402K [0x00000000f5580000, 0x00000000f7500000, 0x0000000100000000)
  eden space 23552K, 84% used [0x00000000f5580000,0x00000000f68e1d28,0x00000000f6c80000)
  from space 3584K, 99% used [0x00000000f7180000,0x00000000f74f8bf8,0x00000000f7500000)
  to   space 4096K, 0% used [0x00000000f6d00000,0x00000000f6d00000,0x00000000f7100000)
 ParOldGen       total 68608K, used 10725K [0x00000000e0000000, 0x00000000e4300000, 0x00000000f5580000)
  object space 68608K, 15% used [0x00000000e0000000,0x00000000e0a79660,0x00000000e4300000)
 Metaspace       used 35048K, committed 35840K, reserved 1114112K
  class space    used 3474K, committed 3840K, reserved 1048576K
}
Event: 10.448 GC heap after
{Heap after GC invocations=10 (full 1):
 PSYoungGen      total 25600K, used 2019K [0x00000000f5580000, 0x00000000f7280000, 0x0000000100000000)
  eden space 23552K, 0% used [0x00000000f5580000,0x00000000f5580000,0x00000000f6c80000)
  from space 2048K, 98% used [0x00000000f6d00000,0x00000000f6ef8e88,0x00000000f6f00000)
  to   space 3072K, 0% used [0x00000000f6f80000,0x00000000f6f80000,0x00000000f7280000)
 ParOldGen       total 68608K, used 13626K [0x00000000e0000000, 0x00000000e4300000, 0x00000000f5580000)
  object space 68608K, 19% used [0x00000000e0000000,0x00000000e0d4ea00,0x00000000e4300000)
 Metaspace       used 35048K, committed 35840K, reserved 1114112K
  class space    used 3474K, committed 3840K, reserved 1048576K
}
Event: 10.448 GC heap before
{Heap before GC invocations=11 (full 2):
 PSYoungGen      total 25600K, used 2019K [0x00000000f5580000, 0x00000000f7280000, 0x0000000100000000)
  eden space 23552K, 0% used [0x00000000f5580000,0x00000000f5580000,0x00000000f6c80000)
  from space 2048K, 98% used [0x00000000f6d00000,0x00000000f6ef8e88,0x00000000f6f00000)
  to   space 3072K, 0% used [0x00000000f6f80000,0x00000000f6f80000,0x00000000f7280000)
 ParOldGen       total 68608K, used 13626K [0x00000000e0000000, 0x00000000e4300000, 0x00000000f5580000)
  object space 68608K, 19% used [0x00000000e0000000,0x00000000e0d4ea00,0x00000000e4300000)
 Metaspace       used 35048K, committed 35840K, reserved 1114112K
  class space    used 3474K, committed 3840K, reserved 1048576K
}
Event: 10.497 GC heap after
{Heap after GC invocations=11 (full 2):
 PSYoungGen      total 25600K, used 0K [0x00000000f5580000, 0x00000000f7280000, 0x0000000100000000)
  eden space 23552K, 0% used [0x00000000f5580000,0x00000000f5580000,0x00000000f6c80000)
  from space 2048K, 0% used [0x00000000f6d00000,0x00000000f6d00000,0x00000000f6f00000)
  to   space 3072K, 0% used [0x00000000f6f80000,0x00000000f6f80000,0x00000000f7280000)
 ParOldGen       total 68608K, used 14575K [0x00000000e0000000, 0x00000000e4300000, 0x00000000f5580000)
  object space 68608K, 21% used [0x00000000e0000000,0x00000000e0e3be78,0x00000000e4300000)
 Metaspace       used 35048K, committed 35840K, reserved 1114112K
  class space    used 3474K, committed 3840K, reserved 1048576K
}
Event: 11.505 GC heap before
{Heap before GC invocations=12 (full 2):
 PSYoungGen      total 25600K, used 23541K [0x00000000f5580000, 0x00000000f7280000, 0x0000000100000000)
  eden space 23552K, 99% used [0x00000000f5580000,0x00000000f6c7d4d8,0x00000000f6c80000)
  from space 2048K, 0% used [0x00000000f6d00000,0x00000000f6d00000,0x00000000f6f00000)
  to   space 3072K, 0% used [0x00000000f6f80000,0x00000000f6f80000,0x00000000f7280000)
 ParOldGen       total 68608K, used 14575K [0x00000000e0000000, 0x00000000e4300000, 0x00000000f5580000)
  object space 68608K, 21% used [0x00000000e0000000,0x00000000e0e3be78,0x00000000e4300000)
 Metaspace       used 38522K, committed 39360K, reserved 1114112K
  class space    used 3953K, committed 4352K, reserved 1048576K
}
Event: 11.507 GC heap after
{Heap after GC invocations=12 (full 2):
 PSYoungGen      total 24064K, used 861K [0x00000000f5580000, 0x00000000f7080000, 0x0000000100000000)
  eden space 23040K, 0% used [0x00000000f5580000,0x00000000f5580000,0x00000000f6c00000)
  from space 1024K, 84% used [0x00000000f6f80000,0x00000000f7057490,0x00000000f7080000)
  to   space 1536K, 0% used [0x00000000f6d80000,0x00000000f6d80000,0x00000000f6f00000)
 ParOldGen       total 68608K, used 14583K [0x00000000e0000000, 0x00000000e4300000, 0x00000000f5580000)
  object space 68608K, 21% used [0x00000000e0000000,0x00000000e0e3de78,0x00000000e4300000)
 Metaspace       used 38522K, committed 39360K, reserved 1114112K
  class space    used 3953K, committed 4352K, reserved 1048576K
}
Event: 12.282 GC heap before
{Heap before GC invocations=13 (full 2):
 PSYoungGen      total 24064K, used 23901K [0x00000000f5580000, 0x00000000f7080000, 0x0000000100000000)
  eden space 23040K, 100% used [0x00000000f5580000,0x00000000f6c00000,0x00000000f6c00000)
  from space 1024K, 84% used [0x00000000f6f80000,0x00000000f7057490,0x00000000f7080000)
  to   space 1536K, 0% used [0x00000000f6d80000,0x00000000f6d80000,0x00000000f6f00000)
 ParOldGen       total 68608K, used 14583K [0x00000000e0000000, 0x00000000e4300000, 0x00000000f5580000)
  object space 68608K, 21% used [0x00000000e0000000,0x00000000e0e3de78,0x00000000e4300000)
 Metaspace       used 41064K, committed 42048K, reserved 1114112K
  class space    used 4244K, committed 4672K, reserved 1048576K
}
Event: 12.286 GC heap after
{Heap after GC invocations=13 (full 2):
 PSYoungGen      total 24064K, used 1289K [0x00000000f5580000, 0x00000000f7000000, 0x0000000100000000)
  eden space 22528K, 0% used [0x00000000f5580000,0x00000000f5580000,0x00000000f6b80000)
  from space 1536K, 83% used [0x00000000f6d80000,0x00000000f6ec27c8,0x00000000f6f00000)
  to   space 1024K, 0% used [0x00000000f6f00000,0x00000000f6f00000,0x00000000f7000000)
 ParOldGen       total 68608K, used 15352K [0x00000000e0000000, 0x00000000e4300000, 0x00000000f5580000)
  object space 68608K, 22% used [0x00000000e0000000,0x00000000e0efe2f0,0x00000000e4300000)
 Metaspace       used 41064K, committed 42048K, reserved 1114112K
  class space    used 4244K, committed 4672K, reserved 1048576K
}
Event: 13.057 GC heap before
{Heap before GC invocations=14 (full 2):
 PSYoungGen      total 24064K, used 23817K [0x00000000f5580000, 0x00000000f7000000, 0x0000000100000000)
  eden space 22528K, 99% used [0x00000000f5580000,0x00000000f6b7fff8,0x00000000f6b80000)
  from space 1536K, 83% used [0x00000000f6d80000,0x00000000f6ec27c8,0x00000000f6f00000)
  to   space 1024K, 0% used [0x00000000f6f00000,0x00000000f6f00000,0x00000000f7000000)
 ParOldGen       total 68608K, used 15352K [0x00000000e0000000, 0x00000000e4300000, 0x00000000f5580000)
  object space 68608K, 22% used [0x00000000e0000000,0x00000000e0efe2f0,0x00000000e4300000)
 Metaspace       used 43460K, committed 44416K, reserved 1114112K
  class space    used 4576K, committed 4992K, reserved 1048576K
}
Event: 13.060 GC heap after
{Heap after GC invocations=14 (full 2):
 PSYoungGen      total 23040K, used 928K [0x00000000f5580000, 0x00000000f7000000, 0x0000000100000000)
  eden space 22016K, 0% used [0x00000000f5580000,0x00000000f5580000,0x00000000f6b00000)
  from space 1024K, 90% used [0x00000000f6f00000,0x00000000f6fe8000,0x00000000f7000000)
  to   space 1536K, 0% used [0x00000000f6d00000,0x00000000f6d00000,0x00000000f6e80000)
 ParOldGen       total 68608K, used 16544K [0x00000000e0000000, 0x00000000e4300000, 0x00000000f5580000)
  object space 68608K, 24% used [0x00000000e0000000,0x00000000e1028358,0x00000000e4300000)
 Metaspace       used 43460K, committed 44416K, reserved 1114112K
  class space    used 4576K, committed 4992K, reserved 1048576K
}
Event: 14.395 GC heap before
{Heap before GC invocations=15 (full 2):
 PSYoungGen      total 23040K, used 22944K [0x00000000f5580000, 0x00000000f7000000, 0x0000000100000000)
  eden space 22016K, 100% used [0x00000000f5580000,0x00000000f6b00000,0x00000000f6b00000)
  from space 1024K, 90% used [0x00000000f6f00000,0x00000000f6fe8000,0x00000000f7000000)
  to   space 1536K, 0% used [0x00000000f6d00000,0x00000000f6d00000,0x00000000f6e80000)
 ParOldGen       total 68608K, used 16544K [0x00000000e0000000, 0x00000000e4300000, 0x00000000f5580000)
  object space 68608K, 24% used [0x00000000e0000000,0x00000000e1028358,0x00000000e4300000)
 Metaspace       used 46044K, committed 47040K, reserved 1114112K
  class space    used 4915K, committed 5312K, reserved 1048576K
}
Event: 14.399 GC heap after
{Heap after GC invocations=15 (full 2):
 PSYoungGen      total 23552K, used 1535K [0x00000000f5580000, 0x00000000f7100000, 0x0000000100000000)
  eden space 22016K, 0% used [0x00000000f5580000,0x00000000f5580000,0x00000000f6b00000)
  from space 1536K, 99% used [0x00000000f6d00000,0x00000000f6e7fe58,0x00000000f6e80000)
  to   space 2560K, 0% used [0x00000000f6e80000,0x00000000f6e80000,0x00000000f7100000)
 ParOldGen       total 68608K, used 17720K [0x00000000e0000000, 0x00000000e4300000, 0x00000000f5580000)
  object space 68608K, 25% used [0x00000000e0000000,0x00000000e114e268,0x00000000e4300000)
 Metaspace       used 46044K, committed 47040K, reserved 1114112K
  class space    used 4915K, committed 5312K, reserved 1048576K
}

