# JRE version: OpenJDK Runtime Environment Temurin-17.0.8.1+1 (17.0.8.1+1) (build 17.0.8.1+1)
# Java VM: OpenJDK 64-Bit Server VM Temurin-17.0.8.1+1 (17.0.8.1+1, mixed mode, tiered, compressed oops, compressed class ptrs, g1 gc, windows-amd64)
GC Precious Log:
 CPUs: 8 total, 8 available
 Memory: 16299M
 Large Page Support: Disabled
 NUMA Support: Disabled
 Compressed Oops: Enabled (32-bit)
 Heap Region Size: 1M
 Heap Min Capacity: 8M
 Heap Initial Capacity: 256M
 Heap Max Capacity: 512M
 Pre-touch: Disabled
 Parallel Workers: 8
 Concurrent Workers: 2
 Concurrent Refinement Workers: 8
 Periodic GC: Disabled
Heap:
 garbage-first heap   total 86016K, used 51347K [0x00000000e0000000, 0x0000000100000000)
  region size 1024K, 1 young (1024K), 1 survivors (1024K)
 Metaspace       used 74030K, committed 74624K, reserved 1114112K
  class space    used 10084K, committed 10368K, reserved 1048576K
GC Heap History (20 events):
Event: 13.162 GC heap after
{Heap after GC invocations=32 (full 0):
 garbage-first heap   total 56320K, used 29678K [0x00000000e0000000, 0x0000000100000000)
  region size 1024K, 1 young (1024K), 1 survivors (1024K)
 Metaspace       used 69314K, committed 69888K, reserved 1114112K
  class space    used 9518K, committed 9792K, reserved 1048576K
}
Event: 14.129 GC heap before
{Heap before GC invocations=32 (full 0):
 garbage-first heap   total 56320K, used 45038K [0x00000000e0000000, 0x0000000100000000)
  region size 1024K, 16 young (16384K), 1 survivors (1024K)
 Metaspace       used 71143K, committed 71680K, reserved 1114112K
  class space    used 9752K, committed 10048K, reserved 1048576K
}
Event: 14.133 GC heap after
{Heap after GC invocations=33 (full 0):
 garbage-first heap   total 56320K, used 30826K [0x00000000e0000000, 0x0000000100000000)
  region size 1024K, 2 young (2048K), 2 survivors (2048K)
 Metaspace       used 71143K, committed 71680K, reserved 1114112K
  class space    used 9752K, committed 10048K, reserved 1048576K
}
Event: 14.835 GC heap before
{Heap before GC invocations=34 (full 0):
 garbage-first heap   total 58368K, used 45162K [0x00000000e0000000, 0x0000000100000000)
  region size 1024K, 16 young (16384K), 2 survivors (2048K)
 Metaspace       used 73451K, committed 73984K, reserved 1114112K
  class space    used 10047K, committed 10304K, reserved 1048576K
}
Event: 14.841 GC heap after
{Heap after GC invocations=35 (full 0):
 garbage-first heap   total 58368K, used 32183K [0x00000000e0000000, 0x0000000100000000)
  region size 1024K, 2 young (2048K), 2 survivors (2048K)
 Metaspace       used 73451K, committed 73984K, reserved 1114112K
  class space    used 10047K, committed 10304K, reserved 1048576K
}
Event: 15.126 GC heap before
{Heap before GC invocations=35 (full 0):
 garbage-first heap   total 58368K, used 40375K [0x00000000e0000000, 0x0000000100000000)
  region size 1024K, 11 young (11264K), 2 survivors (2048K)
 Metaspace       used 73736K, committed 74240K, reserved 1114112K
  class space    used 10070K, committed 10304K, reserved 1048576K
}
Event: 15.131 GC heap after
{Heap after GC invocations=36 (full 0):
 garbage-first heap   total 58368K, used 33820K [0x00000000e0000000, 0x0000000100000000)
  region size 1024K, 2 young (2048K), 2 survivors (2048K)
 Metaspace       used 73736K, committed 74240K, reserved 1114112K
  class space    used 10070K, committed 10304K, reserved 1048576K
}
Event: 15.327 GC heap before
{Heap before GC invocations=37 (full 0):
 garbage-first heap   total 71680K, used 47132K [0x00000000e0000000, 0x0000000100000000)
  region size 1024K, 16 young (16384K), 2 survivors (2048K)
 Metaspace       used 73774K, committed 74304K, reserved 1114112K
  class space    used 10070K, committed 10304K, reserved 1048576K
}
Event: 15.331 GC heap after
{Heap after GC invocations=38 (full 0):
 garbage-first heap   total 71680K, used 36482K [0x00000000e0000000, 0x0000000100000000)
  region size 1024K, 2 young (2048K), 2 survivors (2048K)
 Metaspace       used 73774K, committed 74304K, reserved 1114112K
  class space    used 10070K, committed 10304K, reserved 1048576K
}
Event: 15.514 GC heap before
{Heap before GC invocations=38 (full 0):
 garbage-first heap   total 71680K, used 55938K [0x00000000e0000000, 0x0000000100000000)
  region size 1024K, 21 young (21504K), 2 survivors (2048K)
 Metaspace       used 73846K, committed 74432K, reserved 1114112K
  class space    used 10073K, committed 10368K, reserved 1048576K
}
Event: 15.520 GC heap after
{Heap after GC invocations=39 (full 0):
 garbage-first heap   total 71680K, used 40922K [0x00000000e0000000, 0x0000000100000000)
  region size 1024K, 3 young (3072K), 3 survivors (3072K)
 Metaspace       used 73846K, committed 74432K, reserved 1114112K
  class space    used 10073K, committed 10368K, reserved 1048576K
}
Event: 15.923 GC heap before
{Heap before GC invocations=40 (full 0):
 garbage-first heap   total 75776K, used 55258K [0x00000000e0000000, 0x0000000100000000)
  region size 1024K, 18 young (18432K), 3 survivors (3072K)
 Metaspace       used 74009K, committed 74624K, reserved 1114112K
  class space    used 10084K, committed 10368K, reserved 1048576K
}
Event: 15.929 GC heap after
{Heap after GC invocations=41 (full 0):
 garbage-first heap   total 75776K, used 46220K [0x00000000e0000000, 0x0000000100000000)
  region size 1024K, 3 young (3072K), 3 survivors (3072K)
 Metaspace       used 74009K, committed 74624K, reserved 1114112K
  class space    used 10084K, committed 10368K, reserved 1048576K
}
Event: 15.944 GC heap before
{Heap before GC invocations=41 (full 0):
 garbage-first heap   total 75776K, used 47244K [0x00000000e0000000, 0x0000000100000000)
  region size 1024K, 6 young (6144K), 3 survivors (3072K)
 Metaspace       used 74010K, committed 74624K, reserved 1114112K
  class space    used 10084K, committed 10368K, reserved 1048576K
}
Event: 15.948 GC heap after
{Heap after GC invocations=42 (full 0):
 garbage-first heap   total 75776K, used 47419K [0x00000000e0000000, 0x0000000100000000)
  region size 1024K, 1 young (1024K), 1 survivors (1024K)
 Metaspace       used 74010K, committed 74624K, reserved 1114112K
  class space    used 10084K, committed 10368K, reserved 1048576K
}
Event: 16.022 GC heap before
{Heap before GC invocations=42 (full 0):
 garbage-first heap   total 75776K, used 58683K [0x00000000e0000000, 0x0000000100000000)
  region size 1024K, 12 young (12288K), 1 survivors (1024K)
 Metaspace       used 74016K, committed 74624K, reserved 1114112K
  class space    used 10084K, committed 10368K, reserved 1048576K
}
Event: 16.024 GC heap after
{Heap after GC invocations=43 (full 0):
 garbage-first heap   total 75776K, used 49962K [0x00000000e0000000, 0x0000000100000000)
  region size 1024K, 2 young (2048K), 2 survivors (2048K)
 Metaspace       used 74016K, committed 74624K, reserved 1114112K
  class space    used 10084K, committed 10368K, reserved 1048576K
}
Event: 16.101 GC heap before
{Heap before GC invocations=44 (full 0):
 garbage-first heap   total 86016K, used 59178K [0x00000000e0000000, 0x0000000100000000)
  region size 1024K, 12 young (12288K), 2 survivors (2048K)
 Metaspace       used 74026K, committed 74624K, reserved 1114112K
  class space    used 10084K, committed 10368K, reserved 1048576K
}
Event: 16.105 GC heap after
{Heap after GC invocations=45 (full 0):
 garbage-first heap   total 86016K, used 52089K [0x00000000e0000000, 0x0000000100000000)
  region size 1024K, 2 young (2048K), 2 survivors (2048K)
 Metaspace       used 74026K, committed 74624K, reserved 1114112K
  class space    used 10084K, committed 10368K, reserved 1048576K
}
Event: 16.141 GC heap before
{Heap before GC invocations=45 (full 0):
 garbage-first heap   total 86016K, used 53113K [0x00000000e0000000, 0x0000000100000000)
  region size 1024K, 4 young (4096K), 2 survivors (2048K)
 Metaspace       used 74030K, committed 74624K, reserved 1114112K
  class space    used 10084K, committed 10368K, reserved 1048576K
}

